# JRE version: Java(TM) SE Runtime Environment (8.0_131-b11) (build 1.8.0_131-b11)
# Java VM: Java HotSpot(TM) 64-Bit Server VM (25.131-b11 mixed mode windows-amd64 compressed oops)
Heap:
 PSYoungGen      total 41984K, used 40831K [0x0000000780a00000, 0x0000000795b00000, 0x00000007c0000000)
  eden space 41472K, 97% used [0x0000000780a00000,0x00000007831afd08,0x0000000783280000)
  from space 512K, 37% used [0x0000000795a80000,0x0000000795ab0000,0x0000000795b00000)
  to   space 512K, 0% used [0x0000000795a00000,0x0000000795a00000,0x0000000795a80000)
 ParOldGen       total 187392K, used 63668K [0x0000000701e00000, 0x000000070d500000, 0x0000000780a00000)
  object space 187392K, 33% used [0x0000000701e00000,0x0000000705c2d390,0x000000070d500000)
 Metaspace       used 72495K, capacity 73416K, committed 73984K, reserved 1114112K
  class space    used 9158K, capacity 9384K, committed 9472K, reserved 1048576K
GC Heap History (10 events):
Event: 216638.625 GC heap before
{Heap before GC invocations=425 (full 3):
 PSYoungGen      total 41984K, used 41600K [0x0000000780a00000, 0x0000000795b00000, 0x00000007c0000000)
  eden space 41472K, 100% used [0x0000000780a00000,0x0000000783280000,0x0000000783280000)
  from space 512K, 25% used [0x0000000795a00000,0x0000000795a20000,0x0000000795a80000)
  to   space 512K, 0% used [0x0000000795a80000,0x0000000795a80000,0x0000000795b00000)
 ParOldGen       total 187392K, used 63668K [0x0000000701e00000, 0x000000070d500000, 0x0000000780a00000)
  object space 187392K, 33% used [0x0000000701e00000,0x0000000705c2d390,0x000000070d500000)
 Metaspace       used 72492K, capacity 73416K, committed 73984K, reserved 1114112K
  class space    used 9158K, capacity 9384K, committed 9472K, reserved 1048576K
Event: 216638.629 GC heap after
Heap after GC invocations=425 (full 3):
 PSYoungGen      total 41984K, used 160K [0x0000000780a00000, 0x0000000795b00000, 0x00000007c0000000)
  eden space 41472K, 0% used [0x0000000780a00000,0x0000000780a00000,0x0000000783280000)
  from space 512K, 31% used [0x0000000795a80000,0x0000000795aa8000,0x0000000795b00000)
  to   space 512K, 0% used [0x0000000795a00000,0x0000000795a00000,0x0000000795a80000)
 ParOldGen       total 187392K, used 63668K [0x0000000701e00000, 0x000000070d500000, 0x0000000780a00000)
  object space 187392K, 33% used [0x0000000701e00000,0x0000000705c2d390,0x000000070d500000)
 Metaspace       used 72492K, capacity 73416K, committed 73984K, reserved 1114112K
  class space    used 9158K, capacity 9384K, committed 9472K, reserved 1048576K
}
Event: 216935.847 GC heap before
{Heap before GC invocations=426 (full 3):
 PSYoungGen      total 41984K, used 41632K [0x0000000780a00000, 0x0000000795b00000, 0x00000007c0000000)
  eden space 41472K, 100% used [0x0000000780a00000,0x0000000783280000,0x0000000783280000)
  from space 512K, 31% used [0x0000000795a80000,0x0000000795aa8000,0x0000000795b00000)
  to   space 512K, 0% used [0x0000000795a00000,0x0000000795a00000,0x0000000795a80000)
 ParOldGen       total 187392K, used 63668K [0x0000000701e00000, 0x000000070d500000, 0x0000000780a00000)
  object space 187392K, 33% used [0x0000000701e00000,0x0000000705c2d390,0x000000070d500000)
 Metaspace       used 72492K, capacity 73416K, committed 73984K, reserved 1114112K
  class space    used 9158K, capacity 9384K, committed 9472K, reserved 1048576K
Event: 216935.850 GC heap after
Heap after GC invocations=426 (full 3):
 PSYoungGen      total 41984K, used 160K [0x0000000780a00000, 0x0000000795b00000, 0x00000007c0000000)
  eden space 41472K, 0% used [0x0000000780a00000,0x0000000780a00000,0x0000000783280000)
  from space 512K, 31% used [0x0000000795a00000,0x0000000795a28000,0x0000000795a80000)
  to   space 512K, 0% used [0x0000000795a80000,0x0000000795a80000,0x0000000795b00000)
 ParOldGen       total 187392K, used 63668K [0x0000000701e00000, 0x000000070d500000, 0x0000000780a00000)
  object space 187392K, 33% used [0x0000000701e00000,0x0000000705c2d390,0x000000070d500000)
 Metaspace       used 72492K, capacity 73416K, committed 73984K, reserved 1114112K
  class space    used 9158K, capacity 9384K, committed 9472K, reserved 1048576K
}
Event: 217232.542 GC heap before
{Heap before GC invocations=427 (full 3):
 PSYoungGen      total 41984K, used 41632K [0x0000000780a00000, 0x0000000795b00000, 0x00000007c0000000)
  eden space 41472K, 100% used [0x0000000780a00000,0x0000000783280000,0x0000000783280000)
  from space 512K, 31% used [0x0000000795a00000,0x0000000795a28000,0x0000000795a80000)
  to   space 512K, 0% used [0x0000000795a80000,0x0000000795a80000,0x0000000795b00000)
 ParOldGen       total 187392K, used 63668K [0x0000000701e00000, 0x000000070d500000, 0x0000000780a00000)
  object space 187392K, 33% used [0x0000000701e00000,0x0000000705c2d390,0x000000070d500000)
 Metaspace       used 72492K, capacity 73416K, committed 73984K, reserved 1114112K
  class space    used 9158K, capacity 9384K, committed 9472K, reserved 1048576K
Event: 217232.546 GC heap after
Heap after GC invocations=427 (full 3):
 PSYoungGen      total 41984K, used 128K [0x0000000780a00000, 0x0000000795b00000, 0x00000007c0000000)
  eden space 41472K, 0% used [0x0000000780a00000,0x0000000780a00000,0x0000000783280000)
  from space 512K, 25% used [0x0000000795a80000,0x0000000795aa0000,0x0000000795b00000)
  to   space 512K, 0% used [0x0000000795a00000,0x0000000795a00000,0x0000000795a80000)
 ParOldGen       total 187392K, used 63668K [0x0000000701e00000, 0x000000070d500000, 0x0000000780a00000)
  object space 187392K, 33% used [0x0000000701e00000,0x0000000705c2d390,0x000000070d500000)
 Metaspace       used 72492K, capacity 73416K, committed 73984K, reserved 1114112K
  class space    used 9158K, capacity 9384K, committed 9472K, reserved 1048576K
}
Event: 217529.275 GC heap before
{Heap before GC invocations=428 (full 3):
 PSYoungGen      total 41984K, used 41600K [0x0000000780a00000, 0x0000000795b00000, 0x00000007c0000000)
  eden space 41472K, 100% used [0x0000000780a00000,0x0000000783280000,0x0000000783280000)
  from space 512K, 25% used [0x0000000795a80000,0x0000000795aa0000,0x0000000795b00000)
  to   space 512K, 0% used [0x0000000795a00000,0x0000000795a00000,0x0000000795a80000)
 ParOldGen       total 187392K, used 63668K [0x0000000701e00000, 0x000000070d500000, 0x0000000780a00000)
  object space 187392K, 33% used [0x0000000701e00000,0x0000000705c2d390,0x000000070d500000)
 Metaspace       used 72492K, capacity 73416K, committed 73984K, reserved 1114112K
  class space    used 9158K, capacity 9384K, committed 9472K, reserved 1048576K
Event: 217529.278 GC heap after
Heap after GC invocations=428 (full 3):
 PSYoungGen      total 41984K, used 160K [0x0000000780a00000, 0x0000000795b00000, 0x00000007c0000000)
  eden space 41472K, 0% used [0x0000000780a00000,0x0000000780a00000,0x0000000783280000)
  from space 512K, 31% used [0x0000000795a00000,0x0000000795a28000,0x0000000795a80000)
  to   space 512K, 0% used [0x0000000795a80000,0x0000000795a80000,0x0000000795b00000)
 ParOldGen       total 187392K, used 63668K [0x0000000701e00000, 0x000000070d500000, 0x0000000780a00000)
  object space 187392K, 33% used [0x0000000701e00000,0x0000000705c2d390,0x000000070d500000)
 Metaspace       used 72492K, capacity 73416K, committed 73984K, reserved 1114112K
  class space    used 9158K, capacity 9384K, committed 9472K, reserved 1048576K
}
Event: 217826.017 GC heap before
{Heap before GC invocations=429 (full 3):
 PSYoungGen      total 41984K, used 41632K [0x0000000780a00000, 0x0000000795b00000, 0x00000007c0000000)
  eden space 41472K, 100% used [0x0000000780a00000,0x0000000783280000,0x0000000783280000)
  from space 512K, 31% used [0x0000000795a00000,0x0000000795a28000,0x0000000795a80000)
  to   space 512K, 0% used [0x0000000795a80000,0x0000000795a80000,0x0000000795b00000)
 ParOldGen       total 187392K, used 63668K [0x0000000701e00000, 0x000000070d500000, 0x0000000780a00000)
  object space 187392K, 33% used [0x0000000701e00000,0x0000000705c2d390,0x000000070d500000)
 Metaspace       used 72492K, capacity 73416K, committed 73984K, reserved 1114112K
  class space    used 9158K, capacity 9384K, committed 9472K, reserved 1048576K
Event: 217826.020 GC heap after
Heap after GC invocations=429 (full 3):
 PSYoungGen      total 41984K, used 192K [0x0000000780a00000, 0x0000000795b00000, 0x00000007c0000000)
  eden space 41472K, 0% used [0x0000000780a00000,0x0000000780a00000,0x0000000783280000)
  from space 512K, 37% used [0x0000000795a80000,0x0000000795ab0000,0x0000000795b00000)
  to   space 512K, 0% used [0x0000000795a00000,0x0000000795a00000,0x0000000795a80000)
 ParOldGen       total 187392K, used 63668K [0x0000000701e00000, 0x000000070d500000, 0x0000000780a00000)
  object space 187392K, 33% used [0x0000000701e00000,0x0000000705c2d390,0x000000070d500000)
 Metaspace       used 72492K, capacity 73416K, committed 73984K, reserved 1114112K
  class space    used 9158K, capacity 9384K, committed 9472K, reserved 1048576K
}

